# JRE version: OpenJDK Runtime Environment (8.0_242-b01) (build 1.8.0_242-release-1644-b01)
# Java VM: OpenJDK 64-Bit Server VM (25.242-b01 mixed mode windows-amd64 compressed oops)
Heap:
 PSYoungGen      total 38400K, used 18737K [0x00000000d5e00000, 0x00000000d9800000, 0x0000000100000000)
  eden space 33280K, 40% used [0x00000000d5e00000,0x00000000d6b4e9f8,0x00000000d7e80000)
  from space 5120K, 99% used [0x00000000d7e80000,0x00000000d837dd80,0x00000000d8380000)
  to   space 5120K, 0% used [0x00000000d8380000,0x00000000d8380000,0x00000000d8880000)
 ParOldGen       total 64512K, used 22307K [0x0000000081a00000, 0x0000000085900000, 0x00000000d5e00000)
  object space 64512K, 34% used [0x0000000081a00000,0x0000000082fc8fc8,0x0000000085900000)
 Metaspace       used 39038K, capacity 39638K, committed 39984K, reserved 1083392K
  class space    used 4934K, capacity 5098K, committed 5168K, reserved 1048576K
GC Heap History (10 events):
Event: 5.493 GC heap before
{Heap before GC invocations=5 (full 1):
 PSYoungGen      total 38400K, used 33280K [0x00000000d5e00000, 0x00000000d8880000, 0x0000000100000000)
  eden space 33280K, 100% used [0x00000000d5e00000,0x00000000d7e80000,0x00000000d7e80000)
  from space 5120K, 0% used [0x00000000d7e80000,0x00000000d7e80000,0x00000000d8380000)
  to   space 5120K, 0% used [0x00000000d8380000,0x00000000d8380000,0x00000000d8880000)
 ParOldGen       total 64512K, used 9072K [0x0000000081a00000, 0x0000000085900000, 0x00000000d5e00000)
  object space 64512K, 14% used [0x0000000081a00000,0x00000000822dc198,0x0000000085900000)
 Metaspace       used 24687K, capacity 25130K, committed 25392K, reserved 1071104K
  class space    used 2950K, capacity 3089K, committed 3120K, reserved 1048576K
Event: 5.503 GC heap after
Heap after GC invocations=5 (full 1):
 PSYoungGen      total 38400K, used 5101K [0x00000000d5e00000, 0x00000000d9800000, 0x0000000100000000)
  eden space 33280K, 0% used [0x00000000d5e00000,0x00000000d5e00000,0x00000000d7e80000)
  from space 5120K, 99% used [0x00000000d8380000,0x00000000d887b640,0x00000000d8880000)
  to   space 5120K, 0% used [0x00000000d7e80000,0x00000000d7e80000,0x00000000d8380000)
 ParOldGen       total 64512K, used 11560K [0x0000000081a00000, 0x0000000085900000, 0x00000000d5e00000)
  object space 64512K, 17% used [0x0000000081a00000,0x000000008254a190,0x0000000085900000)
 Metaspace       used 24687K, capacity 25130K, committed 25392K, reserved 1071104K
  class space    used 2950K, capacity 3089K, committed 3120K, reserved 1048576K
}
Event: 6.746 GC heap before
{Heap before GC invocations=6 (full 1):
 PSYoungGen      total 38400K, used 38381K [0x00000000d5e00000, 0x00000000d9800000, 0x0000000100000000)
  eden space 33280K, 100% used [0x00000000d5e00000,0x00000000d7e80000,0x00000000d7e80000)
  from space 5120K, 99% used [0x00000000d8380000,0x00000000d887b640,0x00000000d8880000)
  to   space 5120K, 0% used [0x00000000d7e80000,0x00000000d7e80000,0x00000000d8380000)
 ParOldGen       total 64512K, used 11560K [0x0000000081a00000, 0x0000000085900000, 0x00000000d5e00000)
  object space 64512K, 17% used [0x0000000081a00000,0x000000008254a190,0x0000000085900000)
 Metaspace       used 30489K, capacity 31049K, committed 31152K, reserved 1077248K
  class space    used 3840K, capacity 3990K, committed 4016K, reserved 1048576K
Event: 6.763 GC heap after
Heap after GC invocations=6 (full 1):
 PSYoungGen      total 38400K, used 5091K [0x00000000d5e00000, 0x00000000d9800000, 0x0000000100000000)
  eden space 33280K, 0% used [0x00000000d5e00000,0x00000000d5e00000,0x00000000d7e80000)
  from space 5120K, 99% used [0x00000000d7e80000,0x00000000d8378c70,0x00000000d8380000)
  to   space 5120K, 0% used [0x00000000d8380000,0x00000000d8380000,0x00000000d8880000)
 ParOldGen       total 64512K, used 20007K [0x0000000081a00000, 0x0000000085900000, 0x00000000d5e00000)
  object space 64512K, 31% used [0x0000000081a00000,0x0000000082d89ee8,0x0000000085900000)
 Metaspace       used 30489K, capacity 31049K, committed 31152K, reserved 1077248K
  class space    used 3840K, capacity 3990K, committed 4016K, reserved 1048576K
}
Event: 7.795 GC heap before
{Heap before GC invocations=7 (full 1):
 PSYoungGen      total 38400K, used 25623K [0x00000000d5e00000, 0x00000000d9800000, 0x0000000100000000)
  eden space 33280K, 61% used [0x00000000d5e00000,0x00000000d720d198,0x00000000d7e80000)
  from space 5120K, 99% used [0x00000000d7e80000,0x00000000d8378c70,0x00000000d8380000)
  to   space 5120K, 0% used [0x00000000d8380000,0x00000000d8380000,0x00000000d8880000)
 ParOldGen       total 64512K, used 20007K [0x0000000081a00000, 0x0000000085900000, 0x00000000d5e00000)
  object space 64512K, 31% used [0x0000000081a00000,0x0000000082d89ee8,0x0000000085900000)
 Metaspace       used 34716K, capacity 35194K, committed 35496K, reserved 1081344K
  class space    used 4416K, capacity 4550K, committed 4656K, reserved 1048576K
Event: 7.809 GC heap after
Heap after GC invocations=7 (full 1):
 PSYoungGen      total 38400K, used 5100K [0x00000000d5e00000, 0x00000000d9800000, 0x0000000100000000)
  eden space 33280K, 0% used [0x00000000d5e00000,0x00000000d5e00000,0x00000000d7e80000)
  from space 5120K, 99% used [0x00000000d8380000,0x00000000d887b130,0x00000000d8880000)
  to   space 5120K, 0% used [0x00000000d7e80000,0x00000000d7e80000,0x00000000d8380000)
 ParOldGen       total 64512K, used 25389K [0x0000000081a00000, 0x0000000085900000, 0x00000000d5e00000)
  object space 64512K, 39% used [0x0000000081a00000,0x00000000832cb778,0x0000000085900000)
 Metaspace       used 34716K, capacity 35194K, committed 35496K, reserved 1081344K
  class space    used 4416K, capacity 4550K, committed 4656K, reserved 1048576K
}
Event: 7.809 GC heap before
{Heap before GC invocations=8 (full 2):
 PSYoungGen      total 38400K, used 5100K [0x00000000d5e00000, 0x00000000d9800000, 0x0000000100000000)
  eden space 33280K, 0% used [0x00000000d5e00000,0x00000000d5e00000,0x00000000d7e80000)
  from space 5120K, 99% used [0x00000000d8380000,0x00000000d887b130,0x00000000d8880000)
  to   space 5120K, 0% used [0x00000000d7e80000,0x00000000d7e80000,0x00000000d8380000)
 ParOldGen       total 64512K, used 25389K [0x0000000081a00000, 0x0000000085900000, 0x00000000d5e00000)
  object space 64512K, 39% used [0x0000000081a00000,0x00000000832cb778,0x0000000085900000)
 Metaspace       used 34716K, capacity 35194K, committed 35496K, reserved 1081344K
  class space    used 4416K, capacity 4550K, committed 4656K, reserved 1048576K
Event: 7.937 GC heap after
Heap after GC invocations=8 (full 2):
 PSYoungGen      total 38400K, used 0K [0x00000000d5e00000, 0x00000000d9800000, 0x0000000100000000)
  eden space 33280K, 0% used [0x00000000d5e00000,0x00000000d5e00000,0x00000000d7e80000)
  from space 5120K, 0% used [0x00000000d8380000,0x00000000d8380000,0x00000000d8880000)
  to   space 5120K, 0% used [0x00000000d7e80000,0x00000000d7e80000,0x00000000d8380000)
 ParOldGen       total 64512K, used 18289K [0x0000000081a00000, 0x0000000085900000, 0x00000000d5e00000)
  object space 64512K, 28% used [0x0000000081a00000,0x0000000082bdc798,0x0000000085900000)
 Metaspace       used 34716K, capacity 35194K, committed 35496K, reserved 1081344K
  class space    used 4416K, capacity 4550K, committed 4656K, reserved 1048576K
}
Event: 9.197 GC heap before
{Heap before GC invocations=9 (full 2):
 PSYoungGen      total 38400K, used 33280K [0x00000000d5e00000, 0x00000000d9800000, 0x0000000100000000)
  eden space 33280K, 100% used [0x00000000d5e00000,0x00000000d7e80000,0x00000000d7e80000)
  from space 5120K, 0% used [0x00000000d8380000,0x00000000d8380000,0x00000000d8880000)
  to   space 5120K, 0% used [0x00000000d7e80000,0x00000000d7e80000,0x00000000d8380000)
 ParOldGen       total 64512K, used 18289K [0x0000000081a00000, 0x0000000085900000, 0x00000000d5e00000)
  object space 64512K, 28% used [0x0000000081a00000,0x0000000082bdc798,0x0000000085900000)
 Metaspace       used 38918K, capacity 39510K, committed 39728K, reserved 1083392K
  class space    used 4934K, capacity 5098K, committed 5168K, reserved 1048576K
Event: 9.208 GC heap after
Heap after GC invocations=9 (full 2):
 PSYoungGen      total 38400K, used 5111K [0x00000000d5e00000, 0x00000000d9800000, 0x0000000100000000)
  eden space 33280K, 0% used [0x00000000d5e00000,0x00000000d5e00000,0x00000000d7e80000)
  from space 5120K, 99% used [0x00000000d7e80000,0x00000000d837dd80,0x00000000d8380000)
  to   space 5120K, 0% used [0x00000000d8380000,0x00000000d8380000,0x00000000d8880000)
 ParOldGen       total 64512K, used 22307K [0x0000000081a00000, 0x0000000085900000, 0x00000000d5e00000)
  object space 64512K, 34% used [0x0000000081a00000,0x0000000082fc8fc8,0x0000000085900000)
 Metaspace       used 38918K, capacity 39510K, committed 39728K, reserved 1083392K
  class space    used 4934K, capacity 5098K, committed 5168K, reserved 1048576K
}

